#-----------------------------------------------------------
# xsim v2022.1 (64-bit)
# SW Build 3526262 on Mon Apr 18 15:47:01 MDT 2022
# IP Build 3524634 on Mon Apr 18 20:55:01 MDT 2022
# Start of session at: Mon Jan  8 12:18:22 2024
# Process ID: 1631515
# Current directory: /home/ubuntu/DSPIC_Final/project_1
# Command line: xsim -mode tcl -source {xsim.dir/fir_tb_elab/xsim_script.tcl}
# Log file: /home/ubuntu/DSPIC_Final/project_1/xsim.log
# Journal file: /home/ubuntu/DSPIC_Final/project_1/xsim.jou
# Running On: ubuntu2004, OS: Linux, CPU Frequency: 3393.626 MHz, CPU Physical cores: 4, Host memory: 12538 MB
#-----------------------------------------------------------
source xsim.dir/fir_tb_elab/xsim_script.tcl
# xsim {fir_tb_elab} -autoloadwcfg -runall
Time resolution is 1 ps
run -all
------------Start Simulation-----------
[Correct] [Pattern          0] Golden answer:      542, Your answer:      542
[Correct] [Pattern          1] Golden answer:     1705, Your answer:     1705
[Correct] [Pattern          2] Golden answer:     -542, Your answer:     -542
[Correct] [Pattern          3] Golden answer:    -2299, Your answer:    -2299
[Correct] [Pattern          4] Golden answer:     -206, Your answer:     -206
[Correct] [Pattern          5] Golden answer:     2983, Your answer:     2983
[Correct] [Pattern          6] Golden answer:     1423, Your answer:     1423
[Correct] [Pattern          7] Golden answer:    -5404, Your answer:    -5404
[Correct] [Pattern          8] Golden answer:    -4972, Your answer:    -4972
[Correct] [Pattern          9] Golden answer:     5969, Your answer:     5969
[Correct] [Pattern         10] Golden answer:    10432, Your answer:    10432
[Correct] [Pattern         11] Golden answer:    -2550, Your answer:    -2550
[Correct] [Pattern         12] Golden answer:   -16848, Your answer:   -16848
[Correct] [Pattern         13] Golden answer:    -5096, Your answer:    -5096
[Correct] [Pattern         14] Golden answer:    25397, Your answer:    25397
[Correct] [Pattern         15] Golden answer:    25676, Your answer:    25676
[Correct] [Pattern         16] Golden answer:   -38221, Your answer:   -38221
[Correct] [Pattern         17] Golden answer:  -132042, Your answer:  -132042
[Correct] [Pattern         18] Golden answer:  -177012, Your answer:  -177012
[Correct] [Pattern         19] Golden answer:  -148645, Your answer:  -148645
[Correct] [Pattern         20] Golden answer:   -94887, Your answer:   -94887
[Correct] [Pattern         21] Golden answer:   -50626, Your answer:   -50626
[Correct] [Pattern         22] Golden answer:    23454, Your answer:    23454
[Correct] [Pattern         23] Golden answer:   165985, Your answer:   165985
[Correct] [Pattern         24] Golden answer:   294433, Your answer:   294433
[Correct] [Pattern         25] Golden answer:   265785, Your answer:   265785
[Correct] [Pattern         26] Golden answer:    71121, Your answer:    71121
[Correct] [Pattern         27] Golden answer:  -127372, Your answer:  -127372
[Correct] [Pattern         28] Golden answer:  -196330, Your answer:  -196330
[Correct] [Pattern         29] Golden answer:  -174115, Your answer:  -174115
[Correct] [Pattern         30] Golden answer:  -143122, Your answer:  -143122
[Correct] [Pattern         31] Golden answer:   -88638, Your answer:   -88638
[Correct] [Pattern         32] Golden answer:    24701, Your answer:    24701
[Correct] [Pattern         33] Golden answer:    98311, Your answer:    98311
[Correct] [Pattern         34] Golden answer:   -13434, Your answer:   -13434
[Correct] [Pattern         35] Golden answer:  -258186, Your answer:  -258186
[Correct] [Pattern         36] Golden answer:  -375133, Your answer:  -375133
[Correct] [Pattern         37] Golden answer:  -214214, Your answer:  -214214
[Correct] [Pattern         38] Golden answer:    38801, Your answer:    38801
[Correct] [Pattern         39] Golden answer:   109635, Your answer:   109635
[Correct] [Pattern         40] Golden answer:      174, Your answer:      174
[Correct] [Pattern         41] Golden answer:   -40280, Your answer:   -40280
[Correct] [Pattern         42] Golden answer:   106691, Your answer:   106691
[Correct] [Pattern         43] Golden answer:   239393, Your answer:   239393
[Correct] [Pattern         44] Golden answer:   132565, Your answer:   132565
[Correct] [Pattern         45] Golden answer:  -138962, Your answer:  -138962
[Correct] [Pattern         46] Golden answer:  -276139, Your answer:  -276139
[Correct] [Pattern         47] Golden answer:  -111888, Your answer:  -111888
[Correct] [Pattern         48] Golden answer:   203851, Your answer:   203851
[Correct] [Pattern         49] Golden answer:   375144, Your answer:   375144
[Correct] [Pattern         50] Golden answer:   253041, Your answer:   253041
[Correct] [Pattern         51] Golden answer:   -51788, Your answer:   -51788
[Correct] [Pattern         52] Golden answer:  -286885, Your answer:  -286885
[Correct] [Pattern         53] Golden answer:  -286395, Your answer:  -286395
[Correct] [Pattern         54] Golden answer:  -109781, Your answer:  -109781
[Correct] [Pattern         55] Golden answer:    11996, Your answer:    11996
[Correct] [Pattern         56] Golden answer:   -68502, Your answer:   -68502
[Correct] [Pattern         57] Golden answer:  -245660, Your answer:  -245660
[Correct] [Pattern         58] Golden answer:  -294704, Your answer:  -294704
[Correct] [Pattern         59] Golden answer:  -137163, Your answer:  -137163
[Correct] [Pattern         60] Golden answer:    78559, Your answer:    78559
[Correct] [Pattern         61] Golden answer:   178530, Your answer:   178530
[Correct] [Pattern         62] Golden answer:   159260, Your answer:   159260
[Correct] [Pattern         63] Golden answer:   118930, Your answer:   118930
[Correct] [Pattern         64] Golden answer:   107357, Your answer:   107357
[Correct] [Pattern         65] Golden answer:   111921, Your answer:   111921
[Correct] [Pattern         66] Golden answer:   128616, Your answer:   128616
[Correct] [Pattern         67] Golden answer:   162589, Your answer:   162589
[Correct] [Pattern         68] Golden answer:   192610, Your answer:   192610
[Correct] [Pattern         69] Golden answer:   200782, Your answer:   200782
[Correct] [Pattern         70] Golden answer:   210827, Your answer:   210827
[Correct] [Pattern         71] Golden answer:   232942, Your answer:   232942
[Correct] [Pattern         72] Golden answer:   188203, Your answer:   188203
[Correct] [Pattern         73] Golden answer:   -26841, Your answer:   -26841
[Correct] [Pattern         74] Golden answer:  -366246, Your answer:  -366246
[Correct] [Pattern         75] Golden answer:   444628, Your answer:   444628
[Correct] [Pattern         76] Golden answer:   494084, Your answer:   494084
[Correct] [Pattern         77] Golden answer:  -280816, Your answer:  -280816
[Correct] [Pattern         78] Golden answer:   -34958, Your answer:   -34958
[Correct] [Pattern         79] Golden answer:     2506, Your answer:     2506
[Correct] [Pattern         80] Golden answer:  -111064, Your answer:  -111064
[Correct] [Pattern         81] Golden answer:  -188671, Your answer:  -188671
[Correct] [Pattern         82] Golden answer:  -120247, Your answer:  -120247
[Correct] [Pattern         83] Golden answer:    25430, Your answer:    25430
[Correct] [Pattern         84] Golden answer:    77010, Your answer:    77010
[Correct] [Pattern         85] Golden answer:   -55381, Your answer:   -55381
[Correct] [Pattern         86] Golden answer:  -254943, Your answer:  -254943
[Correct] [Pattern         87] Golden answer:  -294297, Your answer:  -294297
[Correct] [Pattern         88] Golden answer:   -98188, Your answer:   -98188
[Correct] [Pattern         89] Golden answer:   141106, Your answer:   141106
[Correct] [Pattern         90] Golden answer:   185314, Your answer:   185314
[Correct] [Pattern         91] Golden answer:    34645, Your answer:    34645
[Correct] [Pattern         92] Golden answer:   -95576, Your answer:   -95576
[Correct] [Pattern         93] Golden answer:   -83149, Your answer:   -83149
[Correct] [Pattern         94] Golden answer:   -44268, Your answer:   -44268
[Correct] [Pattern         95] Golden answer:  -118712, Your answer:  -118712
[Correct] [Pattern         96] Golden answer:  -238213, Your answer:  -238213
[Correct] [Pattern         97] Golden answer:  -219450, Your answer:  -219450
[Correct] [Pattern         98] Golden answer:   -20161, Your answer:   -20161
[Correct] [Pattern         99] Golden answer:   194123, Your answer:   194123
[Correct] [Pattern        100] Golden answer:   246683, Your answer:   246683
[Correct] [Pattern        101] Golden answer:   139455, Your answer:   139455
[Correct] [Pattern        102] Golden answer:    13719, Your answer:    13719
[Correct] [Pattern        103] Golden answer:    -7139, Your answer:    -7139
[Correct] [Pattern        104] Golden answer:    81632, Your answer:    81632
[Correct] [Pattern        105] Golden answer:   195066, Your answer:   195066
[Correct] [Pattern        106] Golden answer:   231452, Your answer:   231452
[Correct] [Pattern        107] Golden answer:   147905, Your answer:   147905
[Correct] [Pattern        108] Golden answer:   -18234, Your answer:   -18234
[Correct] [Pattern        109] Golden answer:  -195024, Your answer:  -195024
[Correct] [Pattern        110] Golden answer:  -341823, Your answer:  -341823
[Correct] [Pattern        111] Golden answer:  -439369, Your answer:  -439369
[Correct] [Pattern        112] Golden answer:  -440492, Your answer:  -440492
[Correct] [Pattern        113] Golden answer:  -283828, Your answer:  -283828
[Correct] [Pattern        114] Golden answer:   -20897, Your answer:   -20897
[Correct] [Pattern        115] Golden answer:   174197, Your answer:   174197
[Correct] [Pattern        116] Golden answer:   170518, Your answer:   170518
[Correct] [Pattern        117] Golden answer:    21249, Your answer:    21249
[Correct] [Pattern        118] Golden answer:   -90834, Your answer:   -90834
[Correct] [Pattern        119] Golden answer:   -55684, Your answer:   -55684
[Correct] [Pattern        120] Golden answer:    59881, Your answer:    59881
[Correct] [Pattern        121] Golden answer:    99409, Your answer:    99409
[Correct] [Pattern        122] Golden answer:   -34804, Your answer:   -34804
[Correct] [Pattern        123] Golden answer:  -271740, Your answer:  -271740
[Correct] [Pattern        124] Golden answer:  -404344, Your answer:  -404344
[Correct] [Pattern        125] Golden answer:  -258801, Your answer:  -258801
[Correct] [Pattern        126] Golden answer:    98817, Your answer:    98817
[Correct] [Pattern        127] Golden answer:   369232, Your answer:   369232
[Correct] [Pattern        128] Golden answer:   307726, Your answer:   307726
[Correct] [Pattern        129] Golden answer:    19586, Your answer:    19586
[Correct] [Pattern        130] Golden answer:  -146671, Your answer:  -146671
[Correct] [Pattern        131] Golden answer:   -22368, Your answer:   -22368
[Correct] [Pattern        132] Golden answer:   191585, Your answer:   191585
[Correct] [Pattern        133] Golden answer:   225274, Your answer:   225274
[Correct] [Pattern        134] Golden answer:    98571, Your answer:    98571
[Correct] [Pattern        135] Golden answer:    30616, Your answer:    30616
[Correct] [Pattern        136] Golden answer:    73753, Your answer:    73753
[Correct] [Pattern        137] Golden answer:    58364, Your answer:    58364
[Correct] [Pattern        138] Golden answer:   -87734, Your answer:   -87734
[Correct] [Pattern        139] Golden answer:  -191830, Your answer:  -191830
[Correct] [Pattern        140] Golden answer:  -102590, Your answer:  -102590
[Correct] [Pattern        141] Golden answer:    52881, Your answer:    52881
[Correct] [Pattern        142] Golden answer:    45039, Your answer:    45039
[Correct] [Pattern        143] Golden answer:   -87955, Your answer:   -87955
[Correct] [Pattern        144] Golden answer:   -61174, Your answer:   -61174
[Correct] [Pattern        145] Golden answer:   229042, Your answer:   229042
[Correct] [Pattern        146] Golden answer:   491157, Your answer:   491157
[Correct] [Pattern        147] Golden answer:   385049, Your answer:   385049
[Correct] [Pattern        148] Golden answer:   -25146, Your answer:   -25146
[Correct] [Pattern        149] Golden answer:  -332897, Your answer:  -332897
[Correct] [Pattern        150] Golden answer:  -295495, Your answer:  -295495
[Correct] [Pattern        151] Golden answer:  -101171, Your answer:  -101171
[Correct] [Pattern        152] Golden answer:   -92826, Your answer:   -92826
[Correct] [Pattern        153] Golden answer:  -339423, Your answer:  -339423
[Correct] [Pattern        154] Golden answer:   486586, Your answer:   486586
[Correct] [Pattern        155] Golden answer:  -469639, Your answer:  -469639
[Correct] [Pattern        156] Golden answer:   -85530, Your answer:   -85530
[Correct] [Pattern        157] Golden answer:   286625, Your answer:   286625
[Correct] [Pattern        158] Golden answer:   364368, Your answer:   364368
[Correct] [Pattern        159] Golden answer:   142613, Your answer:   142613
[Correct] [Pattern        160] Golden answer:  -142207, Your answer:  -142207
[Correct] [Pattern        161] Golden answer:  -239575, Your answer:  -239575
[Correct] [Pattern        162] Golden answer:   -92767, Your answer:   -92767
[Correct] [Pattern        163] Golden answer:   143697, Your answer:   143697
[Correct] [Pattern        164] Golden answer:   258420, Your answer:   258420
[Correct] [Pattern        165] Golden answer:   199765, Your answer:   199765
[Correct] [Pattern        166] Golden answer:   109090, Your answer:   109090
[Correct] [Pattern        167] Golden answer:   139706, Your answer:   139706
[Correct] [Pattern        168] Golden answer:   266833, Your answer:   266833
[Correct] [Pattern        169] Golden answer:   311834, Your answer:   311834
[Correct] [Pattern        170] Golden answer:   157018, Your answer:   157018
[Correct] [Pattern        171] Golden answer:  -110159, Your answer:  -110159
[Correct] [Pattern        172] Golden answer:  -289644, Your answer:  -289644
[Correct] [Pattern        173] Golden answer:  -268951, Your answer:  -268951
[Correct] [Pattern        174] Golden answer:   -88389, Your answer:   -88389
[Correct] [Pattern        175] Golden answer:   135855, Your answer:   135855
[Correct] [Pattern        176] Golden answer:   308567, Your answer:   308567
[Correct] [Pattern        177] Golden answer:   380147, Your answer:   380147
[Correct] [Pattern        178] Golden answer:   320621, Your answer:   320621
[Correct] [Pattern        179] Golden answer:   125765, Your answer:   125765
[Correct] [Pattern        180] Golden answer:  -144235, Your answer:  -144235
[Correct] [Pattern        181] Golden answer:  -358012, Your answer:  -358012
[Correct] [Pattern        182] Golden answer:  -396779, Your answer:  -396779
[Correct] [Pattern        183] Golden answer:  -291727, Your answer:  -291727
[Correct] [Pattern        184] Golden answer:  -193059, Your answer:  -193059
[Correct] [Pattern        185] Golden answer:  -188676, Your answer:  -188676
[Correct] [Pattern        186] Golden answer:  -171589, Your answer:  -171589
[Correct] [Pattern        187] Golden answer:     8409, Your answer:     8409
[Correct] [Pattern        188] Golden answer:   259686, Your answer:   259686
[Correct] [Pattern        189] Golden answer:   274131, Your answer:   274131
[Correct] [Pattern        190] Golden answer:   -45774, Your answer:   -45774
[Correct] [Pattern        191] Golden answer:  -342201, Your answer:  -342201
[Correct] [Pattern        192] Golden answer:  -201908, Your answer:  -201908
[Correct] [Pattern        193] Golden answer:   262791, Your answer:   262791
[Correct] [Pattern        194] Golden answer:   503534, Your answer:   503534
[Correct] [Pattern        195] Golden answer:   246829, Your answer:   246829
[Correct] [Pattern        196] Golden answer:  -140420, Your answer:  -140420
[Correct] [Pattern        197] Golden answer:  -180750, Your answer:  -180750
[Correct] [Pattern        198] Golden answer:    68874, Your answer:    68874
[Correct] [Pattern        199] Golden answer:   169159, Your answer:   169159
[Correct] [Pattern        200] Golden answer:   -29897, Your answer:   -29897
[Correct] [Pattern        201] Golden answer:  -206624, Your answer:  -206624
[Correct] [Pattern        202] Golden answer:  -103667, Your answer:  -103667
[Correct] [Pattern        203] Golden answer:    85904, Your answer:    85904
[Correct] [Pattern        204] Golden answer:    38978, Your answer:    38978
[Correct] [Pattern        205] Golden answer:  -203911, Your answer:  -203911
[Correct] [Pattern        206] Golden answer:  -325202, Your answer:  -325202
[Correct] [Pattern        207] Golden answer:  -199780, Your answer:  -199780
[Correct] [Pattern        208] Golden answer:   -38728, Your answer:   -38728
[Correct] [Pattern        209] Golden answer:   -52556, Your answer:   -52556
[Correct] [Pattern        210] Golden answer:  -176881, Your answer:  -176881
[Correct] [Pattern        211] Golden answer:  -212766, Your answer:  -212766
[Correct] [Pattern        212] Golden answer:  -111340, Your answer:  -111340
[Correct] [Pattern        213] Golden answer:    11206, Your answer:    11206
[Correct] [Pattern        214] Golden answer:    54213, Your answer:    54213
[Correct] [Pattern        215] Golden answer:    32393, Your answer:    32393
[Correct] [Pattern        216] Golden answer:   -12611, Your answer:   -12611
[Correct] [Pattern        217] Golden answer:   -75492, Your answer:   -75492
[Correct] [Pattern        218] Golden answer:  -132078, Your answer:  -132078
[Correct] [Pattern        219] Golden answer:  -126192, Your answer:  -126192
[Correct] [Pattern        220] Golden answer:   -27490, Your answer:   -27490
[Correct] [Pattern        221] Golden answer:    98444, Your answer:    98444
[Correct] [Pattern        222] Golden answer:   160131, Your answer:   160131
[Correct] [Pattern        223] Golden answer:   155657, Your answer:   155657
[Correct] [Pattern        224] Golden answer:   161803, Your answer:   161803
[Correct] [Pattern        225] Golden answer:   202066, Your answer:   202066
[Correct] [Pattern        226] Golden answer:   216170, Your answer:   216170
[Correct] [Pattern        227] Golden answer:   163790, Your answer:   163790
[Correct] [Pattern        228] Golden answer:    93589, Your answer:    93589
[Correct] [Pattern        229] Golden answer:    73255, Your answer:    73255
[Correct] [Pattern        230] Golden answer:    91016, Your answer:    91016
[Correct] [Pattern        231] Golden answer:    65285, Your answer:    65285
[Correct] [Pattern        232] Golden answer:   -24197, Your answer:   -24197
[Correct] [Pattern        233] Golden answer:   -99129, Your answer:   -99129
[Correct] [Pattern        234] Golden answer:   -61544, Your answer:   -61544
[Correct] [Pattern        235] Golden answer:    82745, Your answer:    82745
[Correct] [Pattern        236] Golden answer:   224273, Your answer:   224273
[Correct] [Pattern        237] Golden answer:   248564, Your answer:   248564
[Correct] [Pattern        238] Golden answer:   147040, Your answer:   147040
[Correct] [Pattern        239] Golden answer:    23854, Your answer:    23854
[Correct] [Pattern        240] Golden answer:     1061, Your answer:     1061
[Correct] [Pattern        241] Golden answer:   100706, Your answer:   100706
[Correct] [Pattern        242] Golden answer:   190538, Your answer:   190538
[Correct] [Pattern        243] Golden answer:   105955, Your answer:   105955
[Correct] [Pattern        244] Golden answer:  -149578, Your answer:  -149578
[Correct] [Pattern        245] Golden answer:  -359894, Your answer:  -359894
[Correct] [Pattern        246] Golden answer:  -322825, Your answer:  -322825
[Correct] [Pattern        247] Golden answer:   -82165, Your answer:   -82165
[Correct] [Pattern        248] Golden answer:   117620, Your answer:   117620
[Correct] [Pattern        249] Golden answer:   107000, Your answer:   107000
[Correct] [Pattern        250] Golden answer:   -35194, Your answer:   -35194
[Correct] [Pattern        251] Golden answer:  -106527, Your answer:  -106527
[Correct] [Pattern        252] Golden answer:   -40906, Your answer:   -40906
[Correct] [Pattern        253] Golden answer:    19679, Your answer:    19679
[Correct] [Pattern        254] Golden answer:   -81073, Your answer:   -81073
[Correct] [Pattern        255] Golden answer:  -301192, Your answer:  -301192
[Correct] [Pattern        256] Golden answer:  -401767, Your answer:  -401767
[Correct] [Pattern        257] Golden answer:  -190864, Your answer:  -190864
[Correct] [Pattern        258] Golden answer:   244125, Your answer:   244125
[Correct] [Pattern        259] Golden answer:  -480432, Your answer:  -480432
[Correct] [Pattern        260] Golden answer:   523181, Your answer:   523181
[Correct] [Pattern        261] Golden answer:   193132, Your answer:   193132
[Correct] [Pattern        262] Golden answer:   -82981, Your answer:   -82981
[Correct] [Pattern        263] Golden answer:   -76294, Your answer:   -76294
[Correct] [Pattern        264] Golden answer:   115717, Your answer:   115717
[Correct] [Pattern        265] Golden answer:   269444, Your answer:   269444
[Correct] [Pattern        266] Golden answer:   331692, Your answer:   331692
[Correct] [Pattern        267] Golden answer:   416362, Your answer:   416362
[Correct] [Pattern        268] Golden answer:  -493693, Your answer:  -493693
[Correct] [Pattern        269] Golden answer:  -471314, Your answer:  -471314
[Correct] [Pattern        270] Golden answer:   338667, Your answer:   338667
[Correct] [Pattern        271] Golden answer:   -46607, Your answer:   -46607
[Correct] [Pattern        272] Golden answer:  -262358, Your answer:  -262358
[Correct] [Pattern        273] Golden answer:  -120468, Your answer:  -120468
[Correct] [Pattern        274] Golden answer:   237881, Your answer:   237881
[Correct] [Pattern        275] Golden answer:   488073, Your answer:   488073
[Correct] [Pattern        276] Golden answer:   448731, Your answer:   448731
[Correct] [Pattern        277] Golden answer:   233798, Your answer:   233798
[Correct] [Pattern        278] Golden answer:    92550, Your answer:    92550
[Correct] [Pattern        279] Golden answer:   131098, Your answer:   131098
[Correct] [Pattern        280] Golden answer:   242749, Your answer:   242749
[Correct] [Pattern        281] Golden answer:   284918, Your answer:   284918
[Correct] [Pattern        282] Golden answer:   243229, Your answer:   243229
[Correct] [Pattern        283] Golden answer:   198732, Your answer:   198732
[Correct] [Pattern        284] Golden answer:   182879, Your answer:   182879
[Correct] [Pattern        285] Golden answer:   143344, Your answer:   143344
[Correct] [Pattern        286] Golden answer:    45973, Your answer:    45973
[Correct] [Pattern        287] Golden answer:   -64414, Your answer:   -64414
[Correct] [Pattern        288] Golden answer:  -143298, Your answer:  -143298
[Correct] [Pattern        289] Golden answer:  -224287, Your answer:  -224287
[Correct] [Pattern        290] Golden answer:  -348567, Your answer:  -348567
[Correct] [Pattern        291] Golden answer:  -453249, Your answer:  -453249
[Correct] [Pattern        292] Golden answer:  -425050, Your answer:  -425050
[Correct] [Pattern        293] Golden answer:  -270122, Your answer:  -270122
[Correct] [Pattern        294] Golden answer:  -131268, Your answer:  -131268
[Correct] [Pattern        295] Golden answer:  -102122, Your answer:  -102122
[Correct] [Pattern        296] Golden answer:  -102554, Your answer:  -102554
[Correct] [Pattern        297] Golden answer:   -24788, Your answer:   -24788
[Correct] [Pattern        298] Golden answer:    81540, Your answer:    81540
[Correct] [Pattern        299] Golden answer:    63803, Your answer:    63803
[Correct] [Pattern        300] Golden answer:   -78528, Your answer:   -78528
[Correct] [Pattern        301] Golden answer:  -150789, Your answer:  -150789
[Correct] [Pattern        302] Golden answer:   -41945, Your answer:   -41945
[Correct] [Pattern        303] Golden answer:    95403, Your answer:    95403
[Correct] [Pattern        304] Golden answer:    40998, Your answer:    40998
[Correct] [Pattern        305] Golden answer:  -184065, Your answer:  -184065
[Correct] [Pattern        306] Golden answer:  -311753, Your answer:  -311753
[Correct] [Pattern        307] Golden answer:  -150242, Your answer:  -150242
[Correct] [Pattern        308] Golden answer:   198585, Your answer:   198585
[Correct] [Pattern        309] Golden answer:   445031, Your answer:   445031
[Correct] [Pattern        310] Golden answer:   392046, Your answer:   392046
[Correct] [Pattern        311] Golden answer:   106338, Your answer:   106338
[Correct] [Pattern        312] Golden answer:  -166504, Your answer:  -166504
[Correct] [Pattern        313] Golden answer:  -230142, Your answer:  -230142
[Correct] [Pattern        314] Golden answer:   -96103, Your answer:   -96103
[Correct] [Pattern        315] Golden answer:    77746, Your answer:    77746
[Correct] [Pattern        316] Golden answer:   182783, Your answer:   182783
[Correct] [Pattern        317] Golden answer:   254349, Your answer:   254349
[Correct] [Pattern        318] Golden answer:   337943, Your answer:   337943
[Correct] [Pattern        319] Golden answer:   354553, Your answer:   354553
[Correct] [Pattern        320] Golden answer:   171362, Your answer:   171362
[Correct] [Pattern        321] Golden answer:  -167614, Your answer:  -167614
[Correct] [Pattern        322] Golden answer:  -400730, Your answer:  -400730
[Correct] [Pattern        323] Golden answer:  -315466, Your answer:  -315466
[Correct] [Pattern        324] Golden answer:     4300, Your answer:     4300
[Correct] [Pattern        325] Golden answer:   280440, Your answer:   280440
[Correct] [Pattern        326] Golden answer:   345787, Your answer:   345787
[Correct] [Pattern        327] Golden answer:   269570, Your answer:   269570
[Correct] [Pattern        328] Golden answer:   185063, Your answer:   185063
[Correct] [Pattern        329] Golden answer:   107759, Your answer:   107759
[Correct] [Pattern        330] Golden answer:     8666, Your answer:     8666
[Correct] [Pattern        331] Golden answer:   -59987, Your answer:   -59987
[Correct] [Pattern        332] Golden answer:   -34031, Your answer:   -34031
[Correct] [Pattern        333] Golden answer:    21191, Your answer:    21191
[Correct] [Pattern        334] Golden answer:   -31813, Your answer:   -31813
[Correct] [Pattern        335] Golden answer:  -196137, Your answer:  -196137
[Correct] [Pattern        336] Golden answer:  -273971, Your answer:  -273971
[Correct] [Pattern        337] Golden answer:  -103379, Your answer:  -103379
[Correct] [Pattern        338] Golden answer:   212803, Your answer:   212803
[Correct] [Pattern        339] Golden answer:   386291, Your answer:   386291
[Correct] [Pattern        340] Golden answer:   259208, Your answer:   259208
[Correct] [Pattern        341] Golden answer:   -38492, Your answer:   -38492
[Correct] [Pattern        342] Golden answer:  -221278, Your answer:  -221278
[Correct] [Pattern        343] Golden answer:  -146676, Your answer:  -146676
[Correct] [Pattern        344] Golden answer:    61958, Your answer:    61958
[Correct] [Pattern        345] Golden answer:   180380, Your answer:   180380
[Correct] [Pattern        346] Golden answer:   135589, Your answer:   135589
[Correct] [Pattern        347] Golden answer:    65172, Your answer:    65172
[Correct] [Pattern        348] Golden answer:   135824, Your answer:   135824
[Correct] [Pattern        349] Golden answer:   344470, Your answer:   344470
[Correct] [Pattern        350] Golden answer:   520206, Your answer:   520206
[Correct] [Pattern        351] Golden answer:   496371, Your answer:   496371
[Correct] [Pattern        352] Golden answer:   263066, Your answer:   263066
[Correct] [Pattern        353] Golden answer:   -21471, Your answer:   -21471
[Correct] [Pattern        354] Golden answer:  -158027, Your answer:  -158027
[Correct] [Pattern        355] Golden answer:   -66439, Your answer:   -66439
[Correct] [Pattern        356] Golden answer:   126834, Your answer:   126834
[Correct] [Pattern        357] Golden answer:   203899, Your answer:   203899
[Correct] [Pattern        358] Golden answer:    80609, Your answer:    80609
[Correct] [Pattern        359] Golden answer:  -106163, Your answer:  -106163
[Correct] [Pattern        360] Golden answer:  -166292, Your answer:  -166292
[Correct] [Pattern        361] Golden answer:   -94894, Your answer:   -94894
[Correct] [Pattern        362] Golden answer:   -69598, Your answer:   -69598
[Correct] [Pattern        363] Golden answer:  -176859, Your answer:  -176859
[Correct] [Pattern        364] Golden answer:  -255650, Your answer:  -255650
[Correct] [Pattern        365] Golden answer:  -119540, Your answer:  -119540
[Correct] [Pattern        366] Golden answer:   142405, Your answer:   142405
[Correct] [Pattern        367] Golden answer:   246895, Your answer:   246895
[Correct] [Pattern        368] Golden answer:    93118, Your answer:    93118
[Correct] [Pattern        369] Golden answer:   -90418, Your answer:   -90418
[Correct] [Pattern        370] Golden answer:   -44206, Your answer:   -44206
[Correct] [Pattern        371] Golden answer:   207731, Your answer:   207731
[Correct] [Pattern        372] Golden answer:   430926, Your answer:   430926
[Correct] [Pattern        373] Golden answer:   467566, Your answer:   467566
[Correct] [Pattern        374] Golden answer:   374446, Your answer:   374446
[Correct] [Pattern        375] Golden answer:   284180, Your answer:   284180
[Correct] [Pattern        376] Golden answer:   269909, Your answer:   269909
[Correct] [Pattern        377] Golden answer:   327249, Your answer:   327249
[Correct] [Pattern        378] Golden answer:   405780, Your answer:   405780
[Correct] [Pattern        379] Golden answer:   415136, Your answer:   415136
[Correct] [Pattern        380] Golden answer:   302653, Your answer:   302653
[Correct] [Pattern        381] Golden answer:   130797, Your answer:   130797
[Correct] [Pattern        382] Golden answer:    18829, Your answer:    18829
[Correct] [Pattern        383] Golden answer:    -8929, Your answer:    -8929
[Correct] [Pattern        384] Golden answer:   -36905, Your answer:   -36905
[Correct] [Pattern        385] Golden answer:  -115604, Your answer:  -115604
[Correct] [Pattern        386] Golden answer:  -150682, Your answer:  -150682
[Correct] [Pattern        387] Golden answer:   -25146, Your answer:   -25146
[Correct] [Pattern        388] Golden answer:   207003, Your answer:   207003
[Correct] [Pattern        389] Golden answer:   350563, Your answer:   350563
[Correct] [Pattern        390] Golden answer:   288058, Your answer:   288058
[Correct] [Pattern        391] Golden answer:   121628, Your answer:   121628
[Correct] [Pattern        392] Golden answer:    49565, Your answer:    49565
[Correct] [Pattern        393] Golden answer:   127701, Your answer:   127701
[Correct] [Pattern        394] Golden answer:   213567, Your answer:   213567
[Correct] [Pattern        395] Golden answer:   153343, Your answer:   153343
[Correct] [Pattern        396] Golden answer:   -14563, Your answer:   -14563
[Correct] [Pattern        397] Golden answer:   -98361, Your answer:   -98361
[Correct] [Pattern        398] Golden answer:     7544, Your answer:     7544
[Correct] [Pattern        399] Golden answer:   186266, Your answer:   186266
[Correct] [Pattern        400] Golden answer:   224397, Your answer:   224397
[Correct] [Pattern        401] Golden answer:    54854, Your answer:    54854
[Correct] [Pattern        402] Golden answer:  -179140, Your answer:  -179140
[Correct] [Pattern        403] Golden answer:  -255614, Your answer:  -255614
[Correct] [Pattern        404] Golden answer:   -78027, Your answer:   -78027
[Correct] [Pattern        405] Golden answer:   215329, Your answer:   215329
[Correct] [Pattern        406] Golden answer:   366612, Your answer:   366612
[Correct] [Pattern        407] Golden answer:   232152, Your answer:   232152
[Correct] [Pattern        408] Golden answer:   -77585, Your answer:   -77585
[Correct] [Pattern        409] Golden answer:  -274340, Your answer:  -274340
[Correct] [Pattern        410] Golden answer:  -166315, Your answer:  -166315
[Correct] [Pattern        411] Golden answer:   130340, Your answer:   130340
[Correct] [Pattern        412] Golden answer:   297800, Your answer:   297800
[Correct] [Pattern        413] Golden answer:   155828, Your answer:   155828
[Correct] [Pattern        414] Golden answer:  -153678, Your answer:  -153678
[Correct] [Pattern        415] Golden answer:  -351919, Your answer:  -351919
[Correct] [Pattern        416] Golden answer:  -321871, Your answer:  -321871
[Correct] [Pattern        417] Golden answer:  -172013, Your answer:  -172013
[Correct] [Pattern        418] Golden answer:   -40374, Your answer:   -40374
[Correct] [Pattern        419] Golden answer:    36090, Your answer:    36090
[Correct] [Pattern        420] Golden answer:    66661, Your answer:    66661
[Correct] [Pattern        421] Golden answer:    25123, Your answer:    25123
[Correct] [Pattern        422] Golden answer:   -98717, Your answer:   -98717
[Correct] [Pattern        423] Golden answer:  -208694, Your answer:  -208694
[Correct] [Pattern        424] Golden answer:  -167292, Your answer:  -167292
[Correct] [Pattern        425] Golden answer:    40996, Your answer:    40996
[Correct] [Pattern        426] Golden answer:   259271, Your answer:   259271
[Correct] [Pattern        427] Golden answer:   321956, Your answer:   321956
[Correct] [Pattern        428] Golden answer:   226528, Your answer:   226528
[Correct] [Pattern        429] Golden answer:   118867, Your answer:   118867
[Correct] [Pattern        430] Golden answer:   129769, Your answer:   129769
[Correct] [Pattern        431] Golden answer:   235110, Your answer:   235110
[Correct] [Pattern        432] Golden answer:   290055, Your answer:   290055
[Correct] [Pattern        433] Golden answer:   191797, Your answer:   191797
[Correct] [Pattern        434] Golden answer:    -2404, Your answer:    -2404
[Correct] [Pattern        435] Golden answer:  -124778, Your answer:  -124778
[Correct] [Pattern        436] Golden answer:   -65054, Your answer:   -65054
[Correct] [Pattern        437] Golden answer:   116655, Your answer:   116655
[Correct] [Pattern        438] Golden answer:   235968, Your answer:   235968
[Correct] [Pattern        439] Golden answer:   170522, Your answer:   170522
[Correct] [Pattern        440] Golden answer:   -18123, Your answer:   -18123
[Correct] [Pattern        441] Golden answer:  -147713, Your answer:  -147713
[Correct] [Pattern        442] Golden answer:   -92664, Your answer:   -92664
[Correct] [Pattern        443] Golden answer:    97919, Your answer:    97919
[Correct] [Pattern        444] Golden answer:   235107, Your answer:   235107
[Correct] [Pattern        445] Golden answer:   187205, Your answer:   187205
[Correct] [Pattern        446] Golden answer:    15397, Your answer:    15397
[Correct] [Pattern        447] Golden answer:   -90980, Your answer:   -90980
[Correct] [Pattern        448] Golden answer:    -8268, Your answer:    -8268
[Correct] [Pattern        449] Golden answer:   189195, Your answer:   189195
[Correct] [Pattern        450] Golden answer:   301035, Your answer:   301035
[Correct] [Pattern        451] Golden answer:   194311, Your answer:   194311
[Correct] [Pattern        452] Golden answer:   -75170, Your answer:   -75170
[Correct] [Pattern        453] Golden answer:  -315365, Your answer:  -315365
[Correct] [Pattern        454] Golden answer:  -358947, Your answer:  -358947
[Correct] [Pattern        455] Golden answer:  -188496, Your answer:  -188496
[Correct] [Pattern        456] Golden answer:    71226, Your answer:    71226
[Correct] [Pattern        457] Golden answer:   240177, Your answer:   240177
[Correct] [Pattern        458] Golden answer:   195030, Your answer:   195030
[Correct] [Pattern        459] Golden answer:   -42205, Your answer:   -42205
[Correct] [Pattern        460] Golden answer:  -308605, Your answer:  -308605
[Correct] [Pattern        461] Golden answer:  -431875, Your answer:  -431875
[Correct] [Pattern        462] Golden answer:  -396234, Your answer:  -396234
[Correct] [Pattern        463] Golden answer:  -343594, Your answer:  -343594
[Correct] [Pattern        464] Golden answer:  -381749, Your answer:  -381749
[Correct] [Pattern        465] Golden answer:  -436204, Your answer:  -436204
[Correct] [Pattern        466] Golden answer:  -374527, Your answer:  -374527
[Correct] [Pattern        467] Golden answer:  -242100, Your answer:  -242100
[Correct] [Pattern        468] Golden answer:  -223593, Your answer:  -223593
[Correct] [Pattern        469] Golden answer:  -354027, Your answer:  -354027
[Correct] [Pattern        470] Golden answer:  -427061, Your answer:  -427061
[Correct] [Pattern        471] Golden answer:  -290286, Your answer:  -290286
[Correct] [Pattern        472] Golden answer:   -90619, Your answer:   -90619
[Correct] [Pattern        473] Golden answer:   -70023, Your answer:   -70023
[Correct] [Pattern        474] Golden answer:  -216634, Your answer:  -216634
[Correct] [Pattern        475] Golden answer:  -304027, Your answer:  -304027
[Correct] [Pattern        476] Golden answer:  -236781, Your answer:  -236781
[Correct] [Pattern        477] Golden answer:  -148428, Your answer:  -148428
[Correct] [Pattern        478] Golden answer:  -135284, Your answer:  -135284
[Correct] [Pattern        479] Golden answer:   -83957, Your answer:   -83957
[Correct] [Pattern        480] Golden answer:   103989, Your answer:   103989
[Correct] [Pattern        481] Golden answer:   294426, Your answer:   294426
[Correct] [Pattern        482] Golden answer:   283830, Your answer:   283830
[Correct] [Pattern        483] Golden answer:   111832, Your answer:   111832
[Correct] [Pattern        484] Golden answer:    34628, Your answer:    34628
[Correct] [Pattern        485] Golden answer:   170306, Your answer:   170306
[Correct] [Pattern        486] Golden answer:   340979, Your answer:   340979
[Correct] [Pattern        487] Golden answer:   318920, Your answer:   318920
[Correct] [Pattern        488] Golden answer:   109566, Your answer:   109566
[Correct] [Pattern        489] Golden answer:   -90838, Your answer:   -90838
[Correct] [Pattern        490] Golden answer:  -142650, Your answer:  -142650
[Correct] [Pattern        491] Golden answer:   -75208, Your answer:   -75208
[Correct] [Pattern        492] Golden answer:     4060, Your answer:     4060
[Correct] [Pattern        493] Golden answer:    28507, Your answer:    28507
[Correct] [Pattern        494] Golden answer:    25386, Your answer:    25386
[Correct] [Pattern        495] Golden answer:    60472, Your answer:    60472
[Correct] [Pattern        496] Golden answer:   126558, Your answer:   126558
[Correct] [Pattern        497] Golden answer:    98510, Your answer:    98510
[Correct] [Pattern        498] Golden answer:  -127642, Your answer:  -127642
[Correct] [Pattern        499] Golden answer:  -432281, Your answer:  -432281
[Correct] [Pattern        500] Golden answer:   504669, Your answer:   504669
[Correct] [Pattern        501] Golden answer:  -379785, Your answer:  -379785
[Correct] [Pattern        502] Golden answer:  -189529, Your answer:  -189529
[Correct] [Pattern        503] Golden answer:  -239990, Your answer:  -239990
[Correct] [Pattern        504] Golden answer:  -444982, Your answer:  -444982
[Correct] [Pattern        505] Golden answer:  -471011, Your answer:  -471011
[Correct] [Pattern        506] Golden answer:  -187200, Your answer:  -187200
[Correct] [Pattern        507] Golden answer:   160539, Your answer:   160539
[Correct] [Pattern        508] Golden answer:   268233, Your answer:   268233
[Correct] [Pattern        509] Golden answer:   134062, Your answer:   134062
[Correct] [Pattern        510] Golden answer:     4165, Your answer:     4165
[Correct] [Pattern        511] Golden answer:    28973, Your answer:    28973
[Correct] [Pattern        512] Golden answer:    96145, Your answer:    96145
[Correct] [Pattern        513] Golden answer:    12756, Your answer:    12756
[Correct] [Pattern        514] Golden answer:  -228477, Your answer:  -228477
[Correct] [Pattern        515] Golden answer:  -409909, Your answer:  -409909
[Correct] [Pattern        516] Golden answer:  -326588, Your answer:  -326588
[Correct] [Pattern        517] Golden answer:   -30454, Your answer:   -30454
[Correct] [Pattern        518] Golden answer:   228621, Your answer:   228621
[Correct] [Pattern        519] Golden answer:   307284, Your answer:   307284
[Correct] [Pattern        520] Golden answer:   305156, Your answer:   305156
[Correct] [Pattern        521] Golden answer:   336090, Your answer:   336090
[Correct] [Pattern        522] Golden answer:   322773, Your answer:   322773
[Correct] [Pattern        523] Golden answer:   127585, Your answer:   127585
[Correct] [Pattern        524] Golden answer:  -163893, Your answer:  -163893
[Correct] [Pattern        525] Golden answer:  -283222, Your answer:  -283222
[Correct] [Pattern        526] Golden answer:  -139086, Your answer:  -139086
[Correct] [Pattern        527] Golden answer:    54379, Your answer:    54379
[Correct] [Pattern        528] Golden answer:   108929, Your answer:   108929
[Correct] [Pattern        529] Golden answer:   125716, Your answer:   125716
[Correct] [Pattern        530] Golden answer:   265986, Your answer:   265986
[Correct] [Pattern        531] Golden answer:   402598, Your answer:   402598
[Correct] [Pattern        532] Golden answer:   250140, Your answer:   250140
[Correct] [Pattern        533] Golden answer:  -166121, Your answer:  -166121
[Correct] [Pattern        534] Golden answer:  -439993, Your answer:  -439993
[Correct] [Pattern        535] Golden answer:  -294462, Your answer:  -294462
[Correct] [Pattern        536] Golden answer:    50241, Your answer:    50241
[Correct] [Pattern        537] Golden answer:   181235, Your answer:   181235
[Correct] [Pattern        538] Golden answer:     2655, Your answer:     2655
[Correct] [Pattern        539] Golden answer:  -216873, Your answer:  -216873
[Correct] [Pattern        540] Golden answer:  -222557, Your answer:  -222557
[Correct] [Pattern        541] Golden answer:   -31122, Your answer:   -31122
[Correct] [Pattern        542] Golden answer:   165938, Your answer:   165938
[Correct] [Pattern        543] Golden answer:   209467, Your answer:   209467
[Correct] [Pattern        544] Golden answer:    70893, Your answer:    70893
[Correct] [Pattern        545] Golden answer:  -128950, Your answer:  -128950
[Correct] [Pattern        546] Golden answer:  -190692, Your answer:  -190692
[Correct] [Pattern        547] Golden answer:   -17476, Your answer:   -17476
[Correct] [Pattern        548] Golden answer:   235105, Your answer:   235105
[Correct] [Pattern        549] Golden answer:   313729, Your answer:   313729
[Correct] [Pattern        550] Golden answer:   178288, Your answer:   178288
[Correct] [Pattern        551] Golden answer:    28430, Your answer:    28430
[Correct] [Pattern        552] Golden answer:     -497, Your answer:     -497
[Correct] [Pattern        553] Golden answer:   -42147, Your answer:   -42147
[Correct] [Pattern        554] Golden answer:  -264904, Your answer:  -264904
[Correct] [Pattern        555] Golden answer:   498217, Your answer:   498217
[Correct] [Pattern        556] Golden answer:   471914, Your answer:   471914
[Correct] [Pattern        557] Golden answer:  -239094, Your answer:  -239094
[Correct] [Pattern        558] Golden answer:   216203, Your answer:   216203
[Correct] [Pattern        559] Golden answer:   482482, Your answer:   482482
[Correct] [Pattern        560] Golden answer:   509513, Your answer:   509513
[Correct] [Pattern        561] Golden answer:   433884, Your answer:   433884
[Correct] [Pattern        562] Golden answer:   318549, Your answer:   318549
[Correct] [Pattern        563] Golden answer:   123813, Your answer:   123813
[Correct] [Pattern        564] Golden answer:  -100055, Your answer:  -100055
[Correct] [Pattern        565] Golden answer:  -166802, Your answer:  -166802
[Correct] [Pattern        566] Golden answer:    19527, Your answer:    19527
[Correct] [Pattern        567] Golden answer:   290607, Your answer:   290607
[Correct] [Pattern        568] Golden answer:   361953, Your answer:   361953
[Correct] [Pattern        569] Golden answer:   132188, Your answer:   132188
[Correct] [Pattern        570] Golden answer:  -204056, Your answer:  -204056
[Correct] [Pattern        571] Golden answer:  -356763, Your answer:  -356763
[Correct] [Pattern        572] Golden answer:  -224629, Your answer:  -224629
[Correct] [Pattern        573] Golden answer:    30805, Your answer:    30805
[Correct] [Pattern        574] Golden answer:   156776, Your answer:   156776
[Correct] [Pattern        575] Golden answer:    64734, Your answer:    64734
[Correct] [Pattern        576] Golden answer:   -89752, Your answer:   -89752
[Correct] [Pattern        577] Golden answer:   -96410, Your answer:   -96410
[Correct] [Pattern        578] Golden answer:    83406, Your answer:    83406
[Correct] [Pattern        579] Golden answer:   291775, Your answer:   291775
[Correct] [Pattern        580] Golden answer:   376023, Your answer:   376023
[Correct] [Pattern        581] Golden answer:   356079, Your answer:   356079
[Correct] [Pattern        582] Golden answer:   345202, Your answer:   345202
[Correct] [Pattern        583] Golden answer:   341789, Your answer:   341789
[Correct] [Pattern        584] Golden answer:   210264, Your answer:   210264
[Correct] [Pattern        585] Golden answer:   -93566, Your answer:   -93566
[Correct] [Pattern        586] Golden answer:  -385515, Your answer:  -385515
[Correct] [Pattern        587] Golden answer:  -470881, Your answer:  -470881
[Correct] [Pattern        588] Golden answer:  -387549, Your answer:  -387549
[Correct] [Pattern        589] Golden answer:  -331861, Your answer:  -331861
[Correct] [Pattern        590] Golden answer:  -354959, Your answer:  -354959
[Correct] [Pattern        591] Golden answer:  -305076, Your answer:  -305076
[Correct] [Pattern        592] Golden answer:   -91605, Your answer:   -91605
[Correct] [Pattern        593] Golden answer:   119087, Your answer:   119087
[Correct] [Pattern        594] Golden answer:   128739, Your answer:   128739
[Correct] [Pattern        595] Golden answer:   -17560, Your answer:   -17560
[Correct] [Pattern        596] Golden answer:  -109743, Your answer:  -109743
[Correct] [Pattern        597] Golden answer:   -79492, Your answer:   -79492
[Correct] [Pattern        598] Golden answer:   -60357, Your answer:   -60357
[Correct] [Pattern        599] Golden answer:  -136118, Your answer:  -136118
[Correct] [Pattern        600] Golden answer:  -202666, Your answer:  -202666
[Correct] [Pattern        601] Golden answer:  -149061, Your answer:  -149061
[Correct] [Pattern        602] Golden answer:   -59537, Your answer:   -59537
[Correct] [Pattern        603] Golden answer:   -91647, Your answer:   -91647
[Correct] [Pattern        604] Golden answer:  -210708, Your answer:  -210708
[Correct] [Pattern        605] Golden answer:  -226897, Your answer:  -226897
[Correct] [Pattern        606] Golden answer:   -72412, Your answer:   -72412
[Correct] [Pattern        607] Golden answer:    77346, Your answer:    77346
[Correct] [Pattern        608] Golden answer:    22964, Your answer:    22964
[Correct] [Pattern        609] Golden answer:  -204767, Your answer:  -204767
[Correct] [Pattern        610] Golden answer:  -389406, Your answer:  -389406
[Correct] [Pattern        611] Golden answer:  -404308, Your answer:  -404308
[Correct] [Pattern        612] Golden answer:  -327627, Your answer:  -327627
[Correct] [Pattern        613] Golden answer:  -289176, Your answer:  -289176
[Correct] [Pattern        614] Golden answer:  -273362, Your answer:  -273362
[Correct] [Pattern        615] Golden answer:  -163957, Your answer:  -163957
[Correct] [Pattern        616] Golden answer:    50973, Your answer:    50973
[Correct] [Pattern        617] Golden answer:   208666, Your answer:   208666
[Correct] [Pattern        618] Golden answer:   180405, Your answer:   180405
[Correct] [Pattern        619] Golden answer:    54152, Your answer:    54152
[Correct] [Pattern        620] Golden answer:    38006, Your answer:    38006
[Correct] [Pattern        621] Golden answer:   163669, Your answer:   163669
[Correct] [Pattern        622] Golden answer:   218613, Your answer:   218613
[Correct] [Pattern        623] Golden answer:    47288, Your answer:    47288
[Correct] [Pattern        624] Golden answer:  -170246, Your answer:  -170246
[Correct] [Pattern        625] Golden answer:  -105717, Your answer:  -105717
[Correct] [Pattern        626] Golden answer:   281094, Your answer:   281094
[Correct] [Pattern        627] Golden answer:  -432135, Your answer:  -432135
[Correct] [Pattern        628] Golden answer:  -518855, Your answer:  -518855
[Correct] [Pattern        629] Golden answer:    66442, Your answer:    66442
[Correct] [Pattern        630] Golden answer:  -381996, Your answer:  -381996
[Correct] [Pattern        631] Golden answer:  -516346, Your answer:  -516346
[Correct] [Pattern        632] Golden answer:  -383001, Your answer:  -383001
[Correct] [Pattern        633] Golden answer:  -212818, Your answer:  -212818
[Correct] [Pattern        634] Golden answer:  -136400, Your answer:  -136400
[Correct] [Pattern        635] Golden answer:   -95409, Your answer:   -95409
[Correct] [Pattern        636] Golden answer:    -2441, Your answer:    -2441
[Correct] [Pattern        637] Golden answer:   116998, Your answer:   116998
[Correct] [Pattern        638] Golden answer:   159697, Your answer:   159697
[Correct] [Pattern        639] Golden answer:    75475, Your answer:    75475
[Correct] [Pattern        640] Golden answer:   -54443, Your answer:   -54443
[Correct] [Pattern        641] Golden answer:   -96102, Your answer:   -96102
[Correct] [Pattern        642] Golden answer:    14536, Your answer:    14536
[Correct] [Pattern        643] Golden answer:   208867, Your answer:   208867
[Correct] [Pattern        644] Golden answer:   350314, Your answer:   350314
[Correct] [Pattern        645] Golden answer:   353994, Your answer:   353994
[Correct] [Pattern        646] Golden answer:   247031, Your answer:   247031
[Correct] [Pattern        647] Golden answer:   118885, Your answer:   118885
[Correct] [Pattern        648] Golden answer:    16357, Your answer:    16357
[Correct] [Pattern        649] Golden answer:   -89433, Your answer:   -89433
[Correct] [Pattern        650] Golden answer:  -234347, Your answer:  -234347
[Correct] [Pattern        651] Golden answer:  -366805, Your answer:  -366805
[Correct] [Pattern        652] Golden answer:  -376947, Your answer:  -376947
[Correct] [Pattern        653] Golden answer:  -238260, Your answer:  -238260
[Correct] [Pattern        654] Golden answer:   -71255, Your answer:   -71255
[Correct] [Pattern        655] Golden answer:   -47749, Your answer:   -47749
[Correct] [Pattern        656] Golden answer:  -206031, Your answer:  -206031
[Correct] [Pattern        657] Golden answer:  -407719, Your answer:  -407719
[Correct] [Pattern        658] Golden answer:  -506920, Your answer:  -506920
[Correct] [Pattern        659] Golden answer:  -483957, Your answer:  -483957
[Correct] [Pattern        660] Golden answer:  -386059, Your answer:  -386059
[Correct] [Pattern        661] Golden answer:  -209108, Your answer:  -209108
[Correct] [Pattern        662] Golden answer:    81423, Your answer:    81423
[Correct] [Pattern        663] Golden answer:   383701, Your answer:   383701
[Correct] [Pattern        664] Golden answer:   483723, Your answer:   483723
[Correct] [Pattern        665] Golden answer:   283956, Your answer:   283956
[Correct] [Pattern        666] Golden answer:   -59663, Your answer:   -59663
[Correct] [Pattern        667] Golden answer:  -300837, Your answer:  -300837
[Correct] [Pattern        668] Golden answer:  -357291, Your answer:  -357291
[Correct] [Pattern        669] Golden answer:  -302893, Your answer:  -302893
[Correct] [Pattern        670] Golden answer:  -200895, Your answer:  -200895
[Correct] [Pattern        671] Golden answer:   -51821, Your answer:   -51821
[Correct] [Pattern        672] Golden answer:    84171, Your answer:    84171
[Correct] [Pattern        673] Golden answer:    83584, Your answer:    83584
[Correct] [Pattern        674] Golden answer:   -72226, Your answer:   -72226
[Correct] [Pattern        675] Golden answer:  -236734, Your answer:  -236734
[Correct] [Pattern        676] Golden answer:  -267108, Your answer:  -267108
[Correct] [Pattern        677] Golden answer:  -190179, Your answer:  -190179
[Correct] [Pattern        678] Golden answer:   -98010, Your answer:   -98010
[Correct] [Pattern        679] Golden answer:    34195, Your answer:    34195
[Correct] [Pattern        680] Golden answer:   259944, Your answer:   259944
[Correct] [Pattern        681] Golden answer:   451394, Your answer:   451394
[Correct] [Pattern        682] Golden answer:   374029, Your answer:   374029
[Correct] [Pattern        683] Golden answer:    48304, Your answer:    48304
[Correct] [Pattern        684] Golden answer:  -152840, Your answer:  -152840
[Correct] [Pattern        685] Golden answer:    58447, Your answer:    58447
[Correct] [Pattern        686] Golden answer:   462180, Your answer:   462180
[Correct] [Pattern        687] Golden answer:  -476891, Your answer:  -476891
[Correct] [Pattern        688] Golden answer:   259465, Your answer:   259465
[Correct] [Pattern        689] Golden answer:   -94719, Your answer:   -94719
[Correct] [Pattern        690] Golden answer:  -120527, Your answer:  -120527
[Correct] [Pattern        691] Golden answer:    83976, Your answer:    83976
[Correct] [Pattern        692] Golden answer:   174408, Your answer:   174408
[Correct] [Pattern        693] Golden answer:    97576, Your answer:    97576
[Correct] [Pattern        694] Golden answer:   114647, Your answer:   114647
[Correct] [Pattern        695] Golden answer:   335060, Your answer:   335060
[Correct] [Pattern        696] Golden answer:   497096, Your answer:   497096
[Correct] [Pattern        697] Golden answer:   336249, Your answer:   336249
[Correct] [Pattern        698] Golden answer:   -10350, Your answer:   -10350
[Correct] [Pattern        699] Golden answer:  -170846, Your answer:  -170846
[Correct] [Pattern        700] Golden answer:   -26621, Your answer:   -26621
[Correct] [Pattern        701] Golden answer:   184302, Your answer:   184302
[Correct] [Pattern        702] Golden answer:   238833, Your answer:   238833
[Correct] [Pattern        703] Golden answer:   194016, Your answer:   194016
[Correct] [Pattern        704] Golden answer:   191354, Your answer:   191354
[Correct] [Pattern        705] Golden answer:   190601, Your answer:   190601
[Correct] [Pattern        706] Golden answer:    73050, Your answer:    73050
[Correct] [Pattern        707] Golden answer:   -76274, Your answer:   -76274
[Correct] [Pattern        708] Golden answer:   -20898, Your answer:   -20898
[Correct] [Pattern        709] Golden answer:   239499, Your answer:   239499
[Correct] [Pattern        710] Golden answer:   361634, Your answer:   361634
[Correct] [Pattern        711] Golden answer:    86183, Your answer:    86183
[Correct] [Pattern        712] Golden answer:  -356191, Your answer:  -356191
[Correct] [Pattern        713] Golden answer:  -487037, Your answer:  -487037
[Correct] [Pattern        714] Golden answer:  -172319, Your answer:  -172319
[Correct] [Pattern        715] Golden answer:   211482, Your answer:   211482
[Correct] [Pattern        716] Golden answer:   249109, Your answer:   249109
[Correct] [Pattern        717] Golden answer:    -8785, Your answer:    -8785
[Correct] [Pattern        718] Golden answer:  -154934, Your answer:  -154934
[Correct] [Pattern        719] Golden answer:    24435, Your answer:    24435
[Correct] [Pattern        720] Golden answer:   320439, Your answer:   320439
[Correct] [Pattern        721] Golden answer:   409459, Your answer:   409459
[Correct] [Pattern        722] Golden answer:   242597, Your answer:   242597
[Correct] [Pattern        723] Golden answer:    37715, Your answer:    37715
[Correct] [Pattern        724] Golden answer:   -30588, Your answer:   -30588
[Correct] [Pattern        725] Golden answer:    -5478, Your answer:    -5478
[Correct] [Pattern        726] Golden answer:    -2645, Your answer:    -2645
[Correct] [Pattern        727] Golden answer:   -48531, Your answer:   -48531
[Correct] [Pattern        728] Golden answer:  -100336, Your answer:  -100336
[Correct] [Pattern        729] Golden answer:  -138632, Your answer:  -138632
[Correct] [Pattern        730] Golden answer:  -182032, Your answer:  -182032
[Correct] [Pattern        731] Golden answer:  -237011, Your answer:  -237011
[Correct] [Pattern        732] Golden answer:  -257163, Your answer:  -257163
[Correct] [Pattern        733] Golden answer:  -178850, Your answer:  -178850
[Correct] [Pattern        734] Golden answer:    -3172, Your answer:    -3172
[Correct] [Pattern        735] Golden answer:   172179, Your answer:   172179
[Correct] [Pattern        736] Golden answer:   203864, Your answer:   203864
[Correct] [Pattern        737] Golden answer:    55375, Your answer:    55375
[Correct] [Pattern        738] Golden answer:  -150041, Your answer:  -150041
[Correct] [Pattern        739] Golden answer:  -258723, Your answer:  -258723
[Correct] [Pattern        740] Golden answer:  -245567, Your answer:  -245567
[Correct] [Pattern        741] Golden answer:  -209614, Your answer:  -209614
[Correct] [Pattern        742] Golden answer:  -194332, Your answer:  -194332
[Correct] [Pattern        743] Golden answer:  -119188, Your answer:  -119188
[Correct] [Pattern        744] Golden answer:    69857, Your answer:    69857
[Correct] [Pattern        745] Golden answer:   231336, Your answer:   231336
[Correct] [Pattern        746] Golden answer:   164039, Your answer:   164039
[Correct] [Pattern        747] Golden answer:  -113381, Your answer:  -113381
[Correct] [Pattern        748] Golden answer:  -337436, Your answer:  -337436
[Correct] [Pattern        749] Golden answer:  -294962, Your answer:  -294962
[Correct] [Pattern        750] Golden answer:   -48691, Your answer:   -48691
[Correct] [Pattern        751] Golden answer:   168635, Your answer:   168635
[Correct] [Pattern        752] Golden answer:   220897, Your answer:   220897
[Correct] [Pattern        753] Golden answer:   153021, Your answer:   153021
[Correct] [Pattern        754] Golden answer:    75540, Your answer:    75540
[Correct] [Pattern        755] Golden answer:    48517, Your answer:    48517
[Correct] [Pattern        756] Golden answer:    92557, Your answer:    92557
[Correct] [Pattern        757] Golden answer:   186661, Your answer:   186661
[Correct] [Pattern        758] Golden answer:   231119, Your answer:   231119
[Correct] [Pattern        759] Golden answer:   113962, Your answer:   113962
[Correct] [Pattern        760] Golden answer:  -128432, Your answer:  -128432
[Correct] [Pattern        761] Golden answer:  -271439, Your answer:  -271439
[Correct] [Pattern        762] Golden answer:  -119426, Your answer:  -119426
[Correct] [Pattern        763] Golden answer:   216546, Your answer:   216546
[Correct] [Pattern        764] Golden answer:   407819, Your answer:   407819
[Correct] [Pattern        765] Golden answer:   296575, Your answer:   296575
[Correct] [Pattern        766] Golden answer:    87798, Your answer:    87798
[Correct] [Pattern        767] Golden answer:    64547, Your answer:    64547
[Correct] [Pattern        768] Golden answer:   206781, Your answer:   206781
[Correct] [Pattern        769] Golden answer:   203714, Your answer:   203714
[Correct] [Pattern        770] Golden answer:  -107859, Your answer:  -107859
[Correct] [Pattern        771] Golden answer:  -478033, Your answer:  -478033
[Correct] [Pattern        772] Golden answer:  -512776, Your answer:  -512776
[Correct] [Pattern        773] Golden answer:  -155228, Your answer:  -155228
[Correct] [Pattern        774] Golden answer:   214976, Your answer:   214976
[Correct] [Pattern        775] Golden answer:   206895, Your answer:   206895
[Correct] [Pattern        776] Golden answer:  -143512, Your answer:  -143512
[Correct] [Pattern        777] Golden answer:  -436794, Your answer:  -436794
[Correct] [Pattern        778] Golden answer:  -378362, Your answer:  -378362
[Correct] [Pattern        779] Golden answer:   -86855, Your answer:   -86855
[Correct] [Pattern        780] Golden answer:    85400, Your answer:    85400
[Correct] [Pattern        781] Golden answer:   -22693, Your answer:   -22693
[Correct] [Pattern        782] Golden answer:  -218399, Your answer:  -218399
[Correct] [Pattern        783] Golden answer:  -229521, Your answer:  -229521
[Correct] [Pattern        784] Golden answer:   -72043, Your answer:   -72043
[Correct] [Pattern        785] Golden answer:    -1045, Your answer:    -1045
[Correct] [Pattern        786] Golden answer:  -120882, Your answer:  -120882
[Correct] [Pattern        787] Golden answer:  -220647, Your answer:  -220647
[Correct] [Pattern        788] Golden answer:   -55235, Your answer:   -55235
[Correct] [Pattern        789] Golden answer:   299341, Your answer:   299341
[Correct] [Pattern        790] Golden answer:   507865, Your answer:   507865
[Correct] [Pattern        791] Golden answer:   360332, Your answer:   360332
[Correct] [Pattern        792] Golden answer:   -18066, Your answer:   -18066
[Correct] [Pattern        793] Golden answer:  -344781, Your answer:  -344781
[Correct] [Pattern        794] Golden answer:  -463397, Your answer:  -463397
[Correct] [Pattern        795] Golden answer:  -414534, Your answer:  -414534
[Correct] [Pattern        796] Golden answer:  -309414, Your answer:  -309414
[Correct] [Pattern        797] Golden answer:  -210288, Your answer:  -210288
[Correct] [Pattern        798] Golden answer:  -128839, Your answer:  -128839
[Correct] [Pattern        799] Golden answer:   -79898, Your answer:   -79898
[Correct] [Pattern        800] Golden answer:   -83655, Your answer:   -83655
[Correct] [Pattern        801] Golden answer:  -153239, Your answer:  -153239
[Correct] [Pattern        802] Golden answer:  -249943, Your answer:  -249943
[Correct] [Pattern        803] Golden answer:  -264054, Your answer:  -264054
[Correct] [Pattern        804] Golden answer:   -93675, Your answer:   -93675
[Correct] [Pattern        805] Golden answer:   189665, Your answer:   189665
[Correct] [Pattern        806] Golden answer:   370590, Your answer:   370590
[Correct] [Pattern        807] Golden answer:   318960, Your answer:   318960
[Correct] [Pattern        808] Golden answer:   180534, Your answer:   180534
[Correct] [Pattern        809] Golden answer:   208236, Your answer:   208236
[Correct] [Pattern        810] Golden answer:   427682, Your answer:   427682
[Correct] [Pattern        811] Golden answer:  -464836, Your answer:  -464836
[Correct] [Pattern        812] Golden answer:   455676, Your answer:   455676
[Correct] [Pattern        813] Golden answer:   132154, Your answer:   132154
[Correct] [Pattern        814] Golden answer:  -113531, Your answer:  -113531
[Correct] [Pattern        815] Golden answer:  -133360, Your answer:  -133360
[Correct] [Pattern        816] Golden answer:   -13868, Your answer:   -13868
[Correct] [Pattern        817] Golden answer:    99229, Your answer:    99229
[Correct] [Pattern        818] Golden answer:   163057, Your answer:   163057
[Correct] [Pattern        819] Golden answer:   207530, Your answer:   207530
[Correct] [Pattern        820] Golden answer:   225606, Your answer:   225606
[Correct] [Pattern        821] Golden answer:   186373, Your answer:   186373
[Correct] [Pattern        822] Golden answer:   111517, Your answer:   111517
[Correct] [Pattern        823] Golden answer:    42522, Your answer:    42522
[Correct] [Pattern        824] Golden answer:   -23048, Your answer:   -23048
[Correct] [Pattern        825] Golden answer:  -121625, Your answer:  -121625
[Correct] [Pattern        826] Golden answer:  -248632, Your answer:  -248632
[Correct] [Pattern        827] Golden answer:  -336166, Your answer:  -336166
[Correct] [Pattern        828] Golden answer:  -317543, Your answer:  -317543
[Correct] [Pattern        829] Golden answer:  -179299, Your answer:  -179299
[Correct] [Pattern        830] Golden answer:    57063, Your answer:    57063
[Correct] [Pattern        831] Golden answer:   339881, Your answer:   339881
[Correct] [Pattern        832] Golden answer:  -494761, Your answer:  -494761
[Correct] [Pattern        833] Golden answer:  -463891, Your answer:  -463891
[Correct] [Pattern        834] Golden answer:   446696, Your answer:   446696
[Correct] [Pattern        835] Golden answer:   296798, Your answer:   296798
[Correct] [Pattern        836] Golden answer:   259841, Your answer:   259841
[Correct] [Pattern        837] Golden answer:   260407, Your answer:   260407
[Correct] [Pattern        838] Golden answer:   174531, Your answer:   174531
[Correct] [Pattern        839] Golden answer:    62126, Your answer:    62126
[Correct] [Pattern        840] Golden answer:   115893, Your answer:   115893
[Correct] [Pattern        841] Golden answer:   341230, Your answer:   341230
[Correct] [Pattern        842] Golden answer:   475634, Your answer:   475634
[Correct] [Pattern        843] Golden answer:   309615, Your answer:   309615
[Correct] [Pattern        844] Golden answer:   -13281, Your answer:   -13281
[Correct] [Pattern        845] Golden answer:  -177240, Your answer:  -177240
[Correct] [Pattern        846] Golden answer:   -86133, Your answer:   -86133
[Correct] [Pattern        847] Golden answer:    68457, Your answer:    68457
[Correct] [Pattern        848] Golden answer:   123628, Your answer:   123628
[Correct] [Pattern        849] Golden answer:   128806, Your answer:   128806
[Correct] [Pattern        850] Golden answer:   191711, Your answer:   191711
[Correct] [Pattern        851] Golden answer:   285813, Your answer:   285813
[Correct] [Pattern        852] Golden answer:   303777, Your answer:   303777
[Correct] [Pattern        853] Golden answer:   232569, Your answer:   232569
[Correct] [Pattern        854] Golden answer:   153622, Your answer:   153622
[Correct] [Pattern        855] Golden answer:   102205, Your answer:   102205
[Correct] [Pattern        856] Golden answer:    37609, Your answer:    37609
[Correct] [Pattern        857] Golden answer:   -49488, Your answer:   -49488
[Correct] [Pattern        858] Golden answer:  -110691, Your answer:  -110691
[Correct] [Pattern        859] Golden answer:  -119778, Your answer:  -119778
[Correct] [Pattern        860] Golden answer:   -89875, Your answer:   -89875
[Correct] [Pattern        861] Golden answer:   -37388, Your answer:   -37388
[Correct] [Pattern        862] Golden answer:    25054, Your answer:    25054
[Correct] [Pattern        863] Golden answer:    71372, Your answer:    71372
[Correct] [Pattern        864] Golden answer:    78045, Your answer:    78045
[Correct] [Pattern        865] Golden answer:    69410, Your answer:    69410
[Correct] [Pattern        866] Golden answer:    61649, Your answer:    61649
[Correct] [Pattern        867] Golden answer:     6847, Your answer:     6847
[Correct] [Pattern        868] Golden answer:  -146137, Your answer:  -146137
[Correct] [Pattern        869] Golden answer:  -305072, Your answer:  -305072
[Correct] [Pattern        870] Golden answer:  -297928, Your answer:  -297928
[Correct] [Pattern        871] Golden answer:  -127819, Your answer:  -127819
[Correct] [Pattern        872] Golden answer:   -10088, Your answer:   -10088
[Correct] [Pattern        873] Golden answer:   -87633, Your answer:   -87633
[Correct] [Pattern        874] Golden answer:  -194154, Your answer:  -194154
[Correct] [Pattern        875] Golden answer:   -94997, Your answer:   -94997
[Correct] [Pattern        876] Golden answer:   133225, Your answer:   133225
[Correct] [Pattern        877] Golden answer:   178022, Your answer:   178022
[Correct] [Pattern        878] Golden answer:   -49656, Your answer:   -49656
[Correct] [Pattern        879] Golden answer:  -251861, Your answer:  -251861
[Correct] [Pattern        880] Golden answer:  -159731, Your answer:  -159731
[Correct] [Pattern        881] Golden answer:    73508, Your answer:    73508
[Correct] [Pattern        882] Golden answer:   107413, Your answer:   107413
[Correct] [Pattern        883] Golden answer:   -95530, Your answer:   -95530
[Correct] [Pattern        884] Golden answer:  -259670, Your answer:  -259670
[Correct] [Pattern        885] Golden answer:  -246949, Your answer:  -246949
[Correct] [Pattern        886] Golden answer:  -248052, Your answer:  -248052
[Correct] [Pattern        887] Golden answer:  -417308, Your answer:  -417308
[Correct] [Pattern        888] Golden answer:   498986, Your answer:   498986
[Correct] [Pattern        889] Golden answer:  -329635, Your answer:  -329635
[Correct] [Pattern        890] Golden answer:   172279, Your answer:   172279
[Correct] [Pattern        891] Golden answer:   487333, Your answer:   487333
[Correct] [Pattern        892] Golden answer:   293832, Your answer:   293832
[Correct] [Pattern        893] Golden answer:  -205592, Your answer:  -205592
[Correct] [Pattern        894] Golden answer:   522999, Your answer:   522999
[Correct] [Pattern        895] Golden answer:  -424531, Your answer:  -424531
[Correct] [Pattern        896] Golden answer:   -84372, Your answer:   -84372
[Correct] [Pattern        897] Golden answer:   162251, Your answer:   162251
[Correct] [Pattern        898] Golden answer:   177534, Your answer:   177534
[Correct] [Pattern        899] Golden answer:    89779, Your answer:    89779
[Correct] [Pattern        900] Golden answer:    76082, Your answer:    76082
[Correct] [Pattern        901] Golden answer:   168858, Your answer:   168858
[Correct] [Pattern        902] Golden answer:   251933, Your answer:   251933
[Correct] [Pattern        903] Golden answer:   215872, Your answer:   215872
[Correct] [Pattern        904] Golden answer:    83784, Your answer:    83784
[Correct] [Pattern        905] Golden answer:   -14825, Your answer:   -14825
[Correct] [Pattern        906] Golden answer:    16436, Your answer:    16436
[Correct] [Pattern        907] Golden answer:   131515, Your answer:   131515
[Correct] [Pattern        908] Golden answer:   200959, Your answer:   200959
[Correct] [Pattern        909] Golden answer:   153227, Your answer:   153227
[Correct] [Pattern        910] Golden answer:    30435, Your answer:    30435
[Correct] [Pattern        911] Golden answer:   -83698, Your answer:   -83698
[Correct] [Pattern        912] Golden answer:  -132496, Your answer:  -132496
[Correct] [Pattern        913] Golden answer:   -93762, Your answer:   -93762
[Correct] [Pattern        914] Golden answer:    14690, Your answer:    14690
[Correct] [Pattern        915] Golden answer:   126905, Your answer:   126905
[Correct] [Pattern        916] Golden answer:   160394, Your answer:   160394
[Correct] [Pattern        917] Golden answer:    95393, Your answer:    95393
[Correct] [Pattern        918] Golden answer:     9297, Your answer:     9297
[Correct] [Pattern        919] Golden answer:   -20956, Your answer:   -20956
[Correct] [Pattern        920] Golden answer:   -36171, Your answer:   -36171
[Correct] [Pattern        921] Golden answer:  -135472, Your answer:  -135472
[Correct] [Pattern        922] Golden answer:  -313828, Your answer:  -313828
[Correct] [Pattern        923] Golden answer:  -442034, Your answer:  -442034
[Correct] [Pattern        924] Golden answer:  -427809, Your answer:  -427809
[Correct] [Pattern        925] Golden answer:  -325148, Your answer:  -325148
[Correct] [Pattern        926] Golden answer:  -218914, Your answer:  -218914
[Correct] [Pattern        927] Golden answer:   -70552, Your answer:   -70552
[Correct] [Pattern        928] Golden answer:   186647, Your answer:   186647
[Correct] [Pattern        929] Golden answer:   419663, Your answer:   419663
[Correct] [Pattern        930] Golden answer:   365777, Your answer:   365777
[Correct] [Pattern        931] Golden answer:    -6880, Your answer:    -6880
[Correct] [Pattern        932] Golden answer:  -356285, Your answer:  -356285
[Correct] [Pattern        933] Golden answer:  -314724, Your answer:  -314724
[Correct] [Pattern        934] Golden answer:    68093, Your answer:    68093
[Correct] [Pattern        935] Golden answer:   381584, Your answer:   381584
[Correct] [Pattern        936] Golden answer:   323051, Your answer:   323051
[Correct] [Pattern        937] Golden answer:     6491, Your answer:     6491
[Correct] [Pattern        938] Golden answer:  -214594, Your answer:  -214594
[Correct] [Pattern        939] Golden answer:  -142593, Your answer:  -142593
[Correct] [Pattern        940] Golden answer:   114964, Your answer:   114964
[Correct] [Pattern        941] Golden answer:   297907, Your answer:   297907
[Correct] [Pattern        942] Golden answer:   228988, Your answer:   228988
[Correct] [Pattern        943] Golden answer:   -36431, Your answer:   -36431
[Correct] [Pattern        944] Golden answer:  -263214, Your answer:  -263214
[Correct] [Pattern        945] Golden answer:  -268393, Your answer:  -268393
[Correct] [Pattern        946] Golden answer:  -122890, Your answer:  -122890
[Correct] [Pattern        947] Golden answer:   -55575, Your answer:   -55575
[Correct] [Pattern        948] Golden answer:  -151273, Your answer:  -151273
[Correct] [Pattern        949] Golden answer:  -241271, Your answer:  -241271
[Correct] [Pattern        950] Golden answer:  -166566, Your answer:  -166566
[Correct] [Pattern        951] Golden answer:   -36902, Your answer:   -36902
[Correct] [Pattern        952] Golden answer:   -75914, Your answer:   -75914
[Correct] [Pattern        953] Golden answer:  -275019, Your answer:  -275019
[Correct] [Pattern        954] Golden answer:  -379012, Your answer:  -379012
[Correct] [Pattern        955] Golden answer:  -231426, Your answer:  -231426
[Correct] [Pattern        956] Golden answer:    10272, Your answer:    10272
[Correct] [Pattern        957] Golden answer:    99476, Your answer:    99476
[Correct] [Pattern        958] Golden answer:    24219, Your answer:    24219
[Correct] [Pattern        959] Golden answer:   -30914, Your answer:   -30914
[Correct] [Pattern        960] Golden answer:    18241, Your answer:    18241
[Correct] [Pattern        961] Golden answer:    50123, Your answer:    50123
[Correct] [Pattern        962] Golden answer:   -47687, Your answer:   -47687
[Correct] [Pattern        963] Golden answer:  -198899, Your answer:  -198899
[Correct] [Pattern        964] Golden answer:  -248075, Your answer:  -248075
[Correct] [Pattern        965] Golden answer:  -179120, Your answer:  -179120
[Correct] [Pattern        966] Golden answer:  -115428, Your answer:  -115428
[Correct] [Pattern        967] Golden answer:  -131232, Your answer:  -131232
[Correct] [Pattern        968] Golden answer:  -161262, Your answer:  -161262
[Correct] [Pattern        969] Golden answer:  -112272, Your answer:  -112272
[Correct] [Pattern        970] Golden answer:    10364, Your answer:    10364
[Correct] [Pattern        971] Golden answer:   144883, Your answer:   144883
[Correct] [Pattern        972] Golden answer:   254059, Your answer:   254059
[Correct] [Pattern        973] Golden answer:   330285, Your answer:   330285
[Correct] [Pattern        974] Golden answer:   345161, Your answer:   345161
[Correct] [Pattern        975] Golden answer:   273165, Your answer:   273165
[Correct] [Pattern        976] Golden answer:   172812, Your answer:   172812
[Correct] [Pattern        977] Golden answer:   146992, Your answer:   146992
[Correct] [Pattern        978] Golden answer:   202771, Your answer:   202771
[Correct] [Pattern        979] Golden answer:   214562, Your answer:   214562
[Correct] [Pattern        980] Golden answer:    81291, Your answer:    81291
[Correct] [Pattern        981] Golden answer:  -122398, Your answer:  -122398
[Correct] [Pattern        982] Golden answer:  -223491, Your answer:  -223491
[Correct] [Pattern        983] Golden answer:  -148827, Your answer:  -148827
[Correct] [Pattern        984] Golden answer:   -14655, Your answer:   -14655
[Correct] [Pattern        985] Golden answer:    11971, Your answer:    11971
[Correct] [Pattern        986] Golden answer:  -122755, Your answer:  -122755
[Correct] [Pattern        987] Golden answer:  -342266, Your answer:  -342266
[Correct] [Pattern        988] Golden answer:  -489668, Your answer:  -489668
[Correct] [Pattern        989] Golden answer:  -436053, Your answer:  -436053
[Correct] [Pattern        990] Golden answer:  -183038, Your answer:  -183038
[Correct] [Pattern        991] Golden answer:   106101, Your answer:   106101
[Correct] [Pattern        992] Golden answer:   198000, Your answer:   198000
[Correct] [Pattern        993] Golden answer:     9026, Your answer:     9026
[Correct] [Pattern        994] Golden answer:  -292456, Your answer:  -292456
[Correct] [Pattern        995] Golden answer:  -453690, Your answer:  -453690
[Correct] [Pattern        996] Golden answer:  -407595, Your answer:  -407595
[Correct] [Pattern        997] Golden answer:  -306788, Your answer:  -306788
[Correct] [Pattern        998] Golden answer:  -275117, Your answer:  -275117
[Correct] [Pattern        999] Golden answer:  -254749, Your answer:  -254749
[Correct] [Pattern       1000] Golden answer:  -135290, Your answer:  -135290
[Correct] [Pattern       1001] Golden answer:    45903, Your answer:    45903
[Correct] [Pattern       1002] Golden answer:   126717, Your answer:   126717
[Correct] [Pattern       1003] Golden answer:    29196, Your answer:    29196
[Correct] [Pattern       1004] Golden answer:  -140641, Your answer:  -140641
[Correct] [Pattern       1005] Golden answer:  -205681, Your answer:  -205681
[Correct] [Pattern       1006] Golden answer:  -104597, Your answer:  -104597
[Correct] [Pattern       1007] Golden answer:    64849, Your answer:    64849
[Correct] [Pattern       1008] Golden answer:   157829, Your answer:   157829
[Correct] [Pattern       1009] Golden answer:   131047, Your answer:   131047
[Correct] [Pattern       1010] Golden answer:    74754, Your answer:    74754
[Correct] [Pattern       1011] Golden answer:    98741, Your answer:    98741
[Correct] [Pattern       1012] Golden answer:   218204, Your answer:   218204
[Correct] [Pattern       1013] Golden answer:   332880, Your answer:   332880
[Correct] [Pattern       1014] Golden answer:   345363, Your answer:   345363
[Correct] [Pattern       1015] Golden answer:   258881, Your answer:   258881
[Correct] [Pattern       1016] Golden answer:   178140, Your answer:   178140
[Correct] [Pattern       1017] Golden answer:   196836, Your answer:   196836
[Correct] [Pattern       1018] Golden answer:   292065, Your answer:   292065
[Correct] [Pattern       1019] Golden answer:   341854, Your answer:   341854
[Correct] [Pattern       1020] Golden answer:   231594, Your answer:   231594
[Correct] [Pattern       1021] Golden answer:   -25636, Your answer:   -25636
[Correct] [Pattern       1022] Golden answer:  -275277, Your answer:  -275277
[Correct] [Pattern       1023] Golden answer:  -360223, Your answer:  -360223
$finish called at time : 10325 ns : File "/home/ubuntu/DSPIC_Final/project_1/tb/fir_tb.v" Line 93
exit
INFO: [Common 17-206] Exiting xsim at Mon Jan  8 12:18:26 2024...
